<?xml version="1.0" encoding="UTF-8"?>
<!-- Generated by org.testng.reporters.JUnitReportReporter -->
<testsuite hostname="PC-PC" failures="0" tests="1" name="com.fresenius.Tests.LoginPageTest" time="5.765" errors="0" timestamp="28 Jun 2021 18:58:49 GMT" skipped="0">
  <testcase classname="com.fresenius.Tests.LoginPageTest" name="login" time="5.765"/>
</testsuite> <!-- com.fresenius.Tests.LoginPageTest -->
