<?xml version="1.0" encoding="UTF-8"?>
<!-- Generated by org.testng.reporters.JUnitReportReporter -->
<testsuite hostname="PC-PC" failures="0" tests="1" name="com.fresenius.Tests.SystemPageTest" time="6.851" errors="0" timestamp="28 Jun 2021 19:42:15 GMT" skipped="0">
  <testcase classname="com.fresenius.Tests.SystemPageTest" name="verifyTitle" time="6.851"/>
</testsuite> <!-- com.fresenius.Tests.SystemPageTest -->
